<?xml version="1.0" encoding="UTF-8"?>
<!-- Generated by org.testng.reporters.JUnitXMLReporter -->
<testsuite ignored="7" hostname="DESKTOP-I5MV7FE" failures="0" tests="1" name="Default test" time="31.248" errors="0" timestamp="٢٠٢٥-٠٦-١٢T٢٣:٤٦:٥٩ غرينتش+٠٣:٠٠">
  <testcase classname="NewTest.Dribbble.AppTest" name="Contact_Us" time="20.334"/>
  <testcase classname="NewTest.Dribbble.AppTest" name="Popular_Designs" time="0.0">
    <ignored/>
  </testcase> <!-- Popular_Designs -->
  <testcase classname="NewTest.Dribbble.AppTest" name="ResponsiveTest" time="0.0">
    <ignored/>
  </testcase> <!-- ResponsiveTest -->
  <testcase classname="NewTest.Dribbble.AppTest" name="Find_job" time="0.0">
    <ignored/>
  </testcase> <!-- Find_job -->
  <testcase classname="NewTest.Dribbble.AppTest" name="Logout" time="0.0">
    <ignored/>
  </testcase> <!-- Logout -->
  <testcase classname="NewTest.Dribbble.AppTest" name="Sign_Up" time="0.0">
    <ignored/>
  </testcase> <!-- Sign_Up -->
  <testcase classname="NewTest.Dribbble.AppTest" name="Login" time="0.0">
    <ignored/>
  </testcase> <!-- Login -->
  <testcase classname="NewTest.Dribbble.AppTest" name="Actions" time="0.0">
    <ignored/>
  </testcase> <!-- Actions -->
</testsuite> <!-- Default test -->
